10:01:49.309 [main                     ] DEBUG Logger               - Configured Logger
10:01:49.337 [main                     ] DEBUG GameApplication      - Logging settings
Title: Pong
Version: 1.0
Width: 800
Height: 600
Fullscreen: false
Intro: false
Profiling: false
Single step:false
App Mode: DEBUG
Menu Key: ESCAPE
Stage Style: DECORATED
Scene Factory: class com.almasb.fxgl.app.scene.SceneFactory

10:01:49.676 [JavaFX Application Thread] DEBUG FXGLApplication      - Initializing FXGL
10:01:49.682 [JavaFX Application Thread] INFO  Engine               - FXGL-11.11 (08.09.2020 18.00) on WINDOWS (J:11.0.12 FX:14)
10:01:49.682 [JavaFX Application Thread] DEBUG Engine               - JRE Vendor Name: Microsoft
10:01:49.683 [JavaFX Application Thread] DEBUG Engine               - Running on OS: Windows 10 version 10.0
10:01:49.683 [JavaFX Application Thread] DEBUG Engine               - Architecture: amd64
10:01:49.683 [JavaFX Application Thread] INFO  Engine               - Source code and latest versions at: https://github.com/AlmasB/FXGL
10:01:49.683 [JavaFX Application Thread] INFO  Engine               -              Join the FXGL chat at: https://gitter.im/AlmasB/FXGL
10:01:49.750 [JavaFX Application Thread] DEBUG MainWindow           - Creating a JavaFX scene
10:01:49.792 [JavaFX Application Thread] DEBUG MainWindow           - Target settings size: 800.0 x 600.0
10:01:49.792 [JavaFX Application Thread] DEBUG MainWindow           - Scaled scene size:    800.0 x 600.0
10:01:49.793 [JavaFX Application Thread] DEBUG MainWindow           - Scaled ratio: (1.0, 1.0)
10:01:49.794 [JavaFX Application Thread] DEBUG MainWindow           - Set initial scene to StartupScene
10:01:49.797 [JavaFX Application Thread] DEBUG MainWindow           - Opening main window
10:01:49.860 [JavaFX Application Thread] DEBUG MainWindow           - Window border size: (16.0, 39.0)
10:01:49.861 [JavaFX Application Thread] DEBUG MainWindow           - Scaled size: 800.0 x 600.0
10:01:49.861 [JavaFX Application Thread] DEBUG MainWindow           - Scaled ratio: (1.0, 1.0)
10:01:49.861 [JavaFX Application Thread] DEBUG MainWindow           - Scene size: 800.0 x 600.0
10:01:49.862 [JavaFX Application Thread] DEBUG MainWindow           - Stage size: 816.0 x 639.0
10:01:49.866 [FXGL Background Thread 1 ] DEBUG Engine               - Initializing environment variables
10:01:49.887 [FXGL Background Thread 1 ] DEBUG GameApplicationServi - Applying CSS: fxgl_dark.css
10:01:49.888 [FXGL Background Thread 1 ] DEBUG FXGLAssetLoaderServi - Loading from file system: /assets/ui/css/fxgl_dark.css
10:01:49.929 [FXGL Background Thread 1 ] DEBUG GameApplicationServi - Initializing application scenes
10:01:49.950 [FXGL Background Thread 1 ] DEBUG GameWorld            - Game world initialized
10:01:49.985 [FXGL Background Thread 1 ] DEBUG PhysicsWorld         - Physics world initialized: appHeight=600, physics.ppm=50,0
10:01:49.987 [FXGL Background Thread 1 ] DEBUG GameScene            - Game scene initialized: 800x600
10:01:50.006 [FXGL Background Thread 1 ] DEBUG FXGLAssetLoaderServi - Loading from file system: /assets/textures/particles/trace_horizontal.png
10:01:50.037 [FXGL Background Thread 1 ] DEBUG FXGL.DefaultMenu     - createMenuBodyGameMenu()
10:01:50.049 [FXGL Background Thread 1 ] DEBUG FXGL.DefaultMenu     - createOptionsMenu()
10:01:50.052 [FXGL Background Thread 1 ] DEBUG FXGLAssetLoaderServi - Loading from file system: /assets/textures/particles/smoke.png
10:01:50.090 [FXGL Background Thread 1 ] DEBUG GameApplicationServi - Application scenes initialized
10:01:50.097 [FXGL Background Thread 1 ] DEBUG SystemBundleService  - Loading FXGL system data
10:01:50.098 [FXGL Background Thread 1 ] DEBUG FileSystemAccess     - Reading from: C:\Users\Alex's Pc\Desktop\CI628-Foothead\system\fxgl.bundle
10:01:50.103 [FXGL Background Thread 1 ] DEBUG SystemBundleService  - Bundle FXGL: {}
10:01:50.103 [FXGL Background Thread 1 ] DEBUG UpdaterService       - Checking for updates
10:01:50.107 [FXGL Background Thread 4 ] DEBUG FXGLApplication      - Loading fonts
10:01:50.108 [FXGL Background Thread 1 ] DEBUG FXGLApplication      - Loading default localization
10:01:50.108 [FXGL Background Thread 4 ] DEBUG FXGLAssetLoaderServi - Loading from file system: /assets/ui/fonts/pong.ttf
10:01:50.108 [FXGL Background Thread 1 ] DEBUG FXGLAssetLoaderServi - Loading from file system: /assets/languages/english.lang
10:01:50.116 [FXGL Background Thread 1 ] INFO  FXGLApplication      - FXGL initialization took: 0,250 sec
10:01:50.123 [JavaFX Application Thread] DEBUG Input                - Registered new binding: Left1 - A
10:01:50.123 [JavaFX Application Thread] DEBUG Input                - Registered new binding: Right1 - D
10:01:50.124 [JavaFX Application Thread] DEBUG Input                - Registered new binding: Left2 - J
10:01:50.124 [JavaFX Application Thread] DEBUG Input                - Registered new binding: Right2 - L
10:01:50.124 [JavaFX Application Thread] DEBUG Input                - Registered new binding: Up1 - W
10:01:50.125 [JavaFX Application Thread] DEBUG Input                - Registered new binding: Up2 - I
10:01:50.125 [JavaFX Application Thread] DEBUG Input                - Registered new binding: Down1 - S
10:01:50.125 [JavaFX Application Thread] DEBUG Input                - Registered new binding: Down2 - K
10:01:50.126 [JavaFX Application Thread] DEBUG FXGLAssetLoaderServi - Loading from file system: /assets/textures/fxgl_icon.png
10:01:50.137 [JavaFX Application Thread] DEBUG FXGLAssetLoaderServi - Loading from file system: /assets/ui/cursors/fxgl_default.png
10:01:50.139 [JavaFX Application Thread] DEBUG Input                - Registered new binding: Screenshot - P
10:01:50.140 [JavaFX Application Thread] DEBUG Input                - Registered new binding: System info dump - CTRL+9
10:01:50.141 [JavaFX Application Thread] DEBUG Input                - Registered new binding: Restart - CTRL+R
10:01:50.142 [JavaFX Application Thread] DEBUG Input                - Registered new binding: Toggle Debug Camera - CTRL+C
10:01:50.144 [JavaFX Application Thread] DEBUG LoopRunner           - Starting loop
10:01:50.145 [JavaFX Application Thread] DEBUG GameApplicationServi - Starting new game
10:01:50.145 [JavaFX Application Thread] DEBUG Input                - Clearing active input actions
10:01:50.153 [JavaFX Application Thread] DEBUG GameApplicationServi - Removing overlay from StartupScene and adding to FXGLLoadingScene
10:01:50.155 [JavaFX Application Thread] DEBUG MainWindow           - StartupScene -> FXGLLoadingScene
10:01:50.156 [JavaFX Application Thread] DEBUG GameApplicationServi - Clearing previous game
10:01:50.157 [JavaFX Application Thread] DEBUG GameScene            - Clearing game scene
10:01:50.157 [JavaFX Application Thread] DEBUG GameWorld            - Clearing game world
10:01:50.158 [JavaFX Application Thread] DEBUG PhysicsWorld         - Clearing physics world
10:01:50.159 [FXGL Background Thread 1 ] DEBUG FXGLApplication      - Initializing game
10:01:50.189 [FXGL Background Thread 1 ] DEBUG FXGLAssetLoaderServi - Loading from file system: /assets/ui/main.fxml
10:01:50.194 [Thread-3                 ] DEBUG TCPServer            - Starting to listen at: 55555 type: class java.lang.String
10:01:50.249 [FXGL Background Thread 1 ] INFO  FXGLApplication      - Game initialization took: 0,090 sec
10:01:50.262 [JavaFX Application Thread] DEBUG Input                - Clearing active input actions
10:01:50.269 [JavaFX Application Thread] DEBUG GameApplicationServi - Removing overlay from FXGLLoadingScene and adding to GameScene
10:01:50.270 [JavaFX Application Thread] DEBUG MainWindow           - FXGLLoadingScene -> GameScene
10:01:50.355 [FXGL Background Thread 4 ] DEBUG FXGLAssetLoaderServi - Loading from file system: /assets/ui/fonts/Abel-Regular.ttf
10:01:50.358 [FXGL Background Thread 4 ] DEBUG FXGLAssetLoaderServi - Loading from file system: /assets/ui/fonts/lucida_console.ttf
10:01:50.362 [FXGL Background Thread 4 ] DEBUG FXGLAssetLoaderServi - Loading from file system: /assets/ui/fonts/Courier-Prime.ttf
10:01:50.370 [JavaFX Application Thread] DEBUG FXGLApplication      - Registering font factories with UI factory
10:01:50.543 [FXGL Background Thread 2 ] INFO  UpdaterService       - Your current version:  11.11
10:01:50.544 [FXGL Background Thread 2 ] INFO  UpdaterService       - Latest stable version: 17+dev-SNAPSHOT
10:01:53.108 [FXGL Background Thread 3 ] DEBUG Engine               - Logging environment variables
10:01:53.108 [FXGL Background Thread 3 ] DEBUG Engine               - achievements: []
10:01:53.108 [FXGL Background Thread 3 ] DEBUG Engine               - appIcon: fxgl_icon.png
10:01:53.109 [FXGL Background Thread 3 ] DEBUG Engine               - applicationMode: DEBUG
10:01:53.109 [FXGL Background Thread 3 ] DEBUG Engine               - cSSList: [fxgl_dark.css]
10:01:53.109 [FXGL Background Thread 3 ] DEBUG Engine               - configClass: Optional.empty
10:01:53.110 [FXGL Background Thread 3 ] DEBUG Engine               - credits: []
10:01:53.110 [FXGL Background Thread 3 ] DEBUG Engine               - devBBoxColorProperty: ObjectProperty [value: 0xff0000ff]
10:01:53.110 [FXGL Background Thread 3 ] DEBUG Engine               - devEnableDebugCameraProperty: BooleanProperty [value: false]
10:01:53.111 [FXGL Background Thread 3 ] DEBUG Engine               - devSensorColorProperty: ObjectProperty [value: 0xffff00ff]
10:01:53.111 [FXGL Background Thread 3 ] DEBUG Engine               - devShowBBoxProperty: BooleanProperty [value: false]
10:01:53.112 [FXGL Background Thread 3 ] DEBUG Engine               - devShowPositionProperty: BooleanProperty [value: false]
10:01:53.112 [FXGL Background Thread 3 ] DEBUG Engine               - enabledMenuItems: []
10:01:53.112 [FXGL Background Thread 3 ] DEBUG Engine               - engineServices: [class com.almasb.fxgl.app.FXGLApplication$GameApplicationService, class com.almasb.fxgl.app.services.FXGLDialogService, class com.almasb.fxgl.app.services.IOTaskExecutorService, class com.almasb.fxgl.event.EventBusService, class com.almasb.fxgl.io.FileSystemService, class com.almasb.fxgl.localization.LocalizationService, class com.almasb.fxgl.app.services.FXGLAssetLoaderService, class com.almasb.fxgl.app.services.SystemBundleService, class com.almasb.fxgl.profile.SaveLoadService, class com.almasb.fxgl.ui.FXGLUIFactoryServiceProvider, class com.almasb.fxgl.ui.FXGLDialogFactoryServiceProvider, class com.almasb.fxgl.audio.AudioPlayer, class com.almasb.fxgl.notification.impl.NotificationServiceProvider, class com.almasb.fxgl.achievement.AchievementService, class com.almasb.fxgl.cutscene.CutsceneService, class com.almasb.fxgl.minigames.MiniGameService, class com.almasb.fxgl.net.NetService, class com.almasb.fxgl.app.services.UpdaterService, class com.almasb.fxgl.dev.DevService]
10:01:53.113 [FXGL Background Thread 3 ] DEBUG Engine               - fontGame: Abel-Regular.ttf
10:01:53.113 [FXGL Background Thread 3 ] DEBUG Engine               - fontMono: lucida_console.ttf
10:01:53.113 [FXGL Background Thread 3 ] DEBUG Engine               - fontText: Courier-Prime.ttf
10:01:53.114 [FXGL Background Thread 3 ] DEBUG Engine               - fontUI: pong.ttf
10:01:53.114 [FXGL Background Thread 3 ] DEBUG Engine               - fullScreen: BooleanProperty [value: false]
10:01:53.114 [FXGL Background Thread 3 ] DEBUG Engine               - gameDifficulty: MEDIUM
10:01:53.114 [FXGL Background Thread 3 ] DEBUG Engine               - gameDifficultyProperty: ObjectProperty [value: MEDIUM]
10:01:53.114 [FXGL Background Thread 3 ] DEBUG Engine               - globalMusicVolume: 0.5
10:01:53.114 [FXGL Background Thread 3 ] DEBUG Engine               - globalMusicVolumeProperty: DoubleProperty [value: 0.5]
10:01:53.115 [FXGL Background Thread 3 ] DEBUG Engine               - globalSoundVolume: 0.5
10:01:53.115 [FXGL Background Thread 3 ] DEBUG Engine               - globalSoundVolumeProperty: DoubleProperty [value: 0.5]
10:01:53.115 [FXGL Background Thread 3 ] DEBUG Engine               - height: 600
10:01:53.115 [FXGL Background Thread 3 ] DEBUG Engine               - isAndroid: false
10:01:53.115 [FXGL Background Thread 3 ] DEBUG Engine               - isBrowser: false
10:01:53.116 [FXGL Background Thread 3 ] DEBUG Engine               - isClickFeedbackEnabled: false
10:01:53.116 [FXGL Background Thread 3 ] DEBUG Engine               - isCloseConfirmation: false
10:01:53.116 [FXGL Background Thread 3 ] DEBUG Engine               - isDesktop: true
10:01:53.116 [FXGL Background Thread 3 ] DEBUG Engine               - isDeveloperMenuEnabled: false
10:01:53.116 [FXGL Background Thread 3 ] DEBUG Engine               - isEntityPreloadEnabled: true
10:01:53.116 [FXGL Background Thread 3 ] DEBUG Engine               - isExperimentalNative: false
10:01:53.117 [FXGL Background Thread 3 ] DEBUG Engine               - isExperimentalTiledLargeMap: false
10:01:53.117 [FXGL Background Thread 3 ] DEBUG Engine               - isFileSystemWriteAllowed: true
10:01:53.117 [FXGL Background Thread 3 ] DEBUG Engine               - isFullScreenAllowed: false
10:01:53.117 [FXGL Background Thread 3 ] DEBUG Engine               - isFullScreenFromStart: false
10:01:53.117 [FXGL Background Thread 3 ] DEBUG Engine               - isGameMenuEnabled: true
10:01:53.118 [FXGL Background Thread 3 ] DEBUG Engine               - isIOS: false
10:01:53.118 [FXGL Background Thread 3 ] DEBUG Engine               - isIntroEnabled: false
10:01:53.118 [FXGL Background Thread 3 ] DEBUG Engine               - isLinux: false
10:01:53.118 [FXGL Background Thread 3 ] DEBUG Engine               - isMac: false
10:01:53.119 [FXGL Background Thread 3 ] DEBUG Engine               - isMainMenuEnabled: false
10:01:53.119 [FXGL Background Thread 3 ] DEBUG Engine               - isManualResizeEnabled: false
10:01:53.119 [FXGL Background Thread 3 ] DEBUG Engine               - isMobile: false
10:01:53.120 [FXGL Background Thread 3 ] DEBUG Engine               - isPreserveResizeRatio: false
10:01:53.120 [FXGL Background Thread 3 ] DEBUG Engine               - isProfilingEnabled: false
10:01:53.120 [FXGL Background Thread 3 ] DEBUG Engine               - isSingleStep: false
10:01:53.121 [FXGL Background Thread 3 ] DEBUG Engine               - isUserProfileEnabled: false
10:01:53.121 [FXGL Background Thread 3 ] DEBUG Engine               - isWindows: true
10:01:53.121 [FXGL Background Thread 3 ] DEBUG Engine               - language: ObjectProperty [value: ENGLISH]
10:01:53.122 [FXGL Background Thread 3 ] DEBUG Engine               - menuKey: ESCAPE
10:01:53.122 [FXGL Background Thread 3 ] DEBUG Engine               - notificationViewClass: class com.almasb.fxgl.notification.view.XboxNotificationView
10:01:53.123 [FXGL Background Thread 3 ] DEBUG Engine               - pixelsPerMeter: 50.0
10:01:53.123 [FXGL Background Thread 3 ] DEBUG Engine               - platform: WINDOWS
10:01:53.123 [FXGL Background Thread 3 ] DEBUG Engine               - profileDir: profiles/
10:01:53.124 [FXGL Background Thread 3 ] DEBUG Engine               - profileName: StringProperty [value: DEFAULT]
10:01:53.124 [FXGL Background Thread 3 ] DEBUG Engine               - randomSeed: -1
10:01:53.124 [FXGL Background Thread 3 ] DEBUG Engine               - runtimeInfo: RuntimeInfo(platform=WINDOWS, version=11.11, build=08.09.2020 18.00)
10:01:53.125 [FXGL Background Thread 3 ] DEBUG Engine               - saveFileExt: sav
10:01:53.125 [FXGL Background Thread 3 ] DEBUG Engine               - sceneFactory: com.almasb.fxgl.app.scene.SceneFactory@6f8627ca
10:01:53.125 [FXGL Background Thread 3 ] DEBUG Engine               - secondsIn24h: 60
10:01:53.125 [FXGL Background Thread 3 ] DEBUG Engine               - soundMenuBack: menu/back.wav
10:01:53.126 [FXGL Background Thread 3 ] DEBUG Engine               - soundMenuPress: menu/press.wav
10:01:53.126 [FXGL Background Thread 3 ] DEBUG Engine               - soundMenuSelect: menu/select.wav
10:01:53.126 [FXGL Background Thread 3 ] DEBUG Engine               - soundNotification: core/notification.wav
10:01:53.126 [FXGL Background Thread 3 ] DEBUG Engine               - stageStyle: DECORATED
10:01:53.126 [FXGL Background Thread 3 ] DEBUG Engine               - supportedLanguages: [ENGLISH, FRENCH, GERMAN, HUNGARIAN, RUSSIAN]
10:01:53.126 [FXGL Background Thread 3 ] DEBUG Engine               - title: Pong
10:01:53.127 [FXGL Background Thread 3 ] DEBUG Engine               - urlGithub: https://github.com/AlmasB/FXGL
10:01:53.127 [FXGL Background Thread 3 ] DEBUG Engine               - urlLeaderboard: http://fxgl-top.herokuapp.com/
10:01:53.127 [FXGL Background Thread 3 ] DEBUG Engine               - urlPOM: https://raw.githubusercontent.com/AlmasB/FXGL/master/pom.xml
10:01:53.127 [FXGL Background Thread 3 ] DEBUG Engine               - version: 1.0
10:01:53.127 [FXGL Background Thread 3 ] DEBUG Engine               - versionCheckDays: 7
10:01:53.127 [FXGL Background Thread 3 ] DEBUG Engine               - width: 800
10:01:53.128 [FXGL Background Thread 3 ] DEBUG Engine               - Logging services
10:01:53.128 [FXGL Background Thread 3 ] DEBUG Engine               - class com.almasb.fxgl.app.FXGLApplication$GameApplicationService
10:01:53.128 [FXGL Background Thread 3 ] DEBUG Engine               - class com.almasb.fxgl.app.services.FXGLDialogService
10:01:53.128 [FXGL Background Thread 3 ] DEBUG Engine               - class com.almasb.fxgl.app.services.IOTaskExecutorService
10:01:53.128 [FXGL Background Thread 3 ] DEBUG Engine               - class com.almasb.fxgl.event.EventBusService
10:01:53.128 [FXGL Background Thread 3 ] DEBUG Engine               - class com.almasb.fxgl.io.FileSystemService
10:01:53.128 [FXGL Background Thread 3 ] DEBUG Engine               - class com.almasb.fxgl.localization.LocalizationService
10:01:53.129 [FXGL Background Thread 3 ] DEBUG Engine               - class com.almasb.fxgl.app.services.FXGLAssetLoaderService
10:01:53.129 [FXGL Background Thread 3 ] DEBUG Engine               - class com.almasb.fxgl.app.services.SystemBundleService
10:01:53.129 [FXGL Background Thread 3 ] DEBUG Engine               - class com.almasb.fxgl.profile.SaveLoadService
10:01:53.129 [FXGL Background Thread 3 ] DEBUG Engine               - class com.almasb.fxgl.ui.FXGLUIFactoryServiceProvider
10:01:53.129 [FXGL Background Thread 3 ] DEBUG Engine               - class com.almasb.fxgl.ui.FXGLDialogFactoryServiceProvider
10:01:53.129 [FXGL Background Thread 3 ] DEBUG Engine               - class com.almasb.fxgl.audio.AudioPlayer
10:01:53.129 [FXGL Background Thread 3 ] DEBUG Engine               - class com.almasb.fxgl.notification.impl.NotificationServiceProvider
10:01:53.130 [FXGL Background Thread 3 ] DEBUG Engine               - class com.almasb.fxgl.achievement.AchievementService
10:01:53.130 [FXGL Background Thread 3 ] DEBUG Engine               - class com.almasb.fxgl.cutscene.CutsceneService
10:01:53.130 [FXGL Background Thread 3 ] DEBUG Engine               - class com.almasb.fxgl.minigames.MiniGameService
10:01:53.130 [FXGL Background Thread 3 ] DEBUG Engine               - class com.almasb.fxgl.net.NetService
10:01:53.130 [FXGL Background Thread 3 ] DEBUG Engine               - class com.almasb.fxgl.app.services.UpdaterService
10:01:53.130 [FXGL Background Thread 3 ] DEBUG Engine               - class com.almasb.fxgl.dev.DevService
10:02:17.779 [JavaFX Application Thread] DEBUG FXGLApplication      - Exiting FXGL
10:02:17.780 [JavaFX Application Thread] DEBUG LoopRunner           - Stopping loop
10:02:17.780 [JavaFX Application Thread] DEBUG SystemBundleService  - Saving FXGL system data
10:02:17.782 [JavaFX Application Thread] DEBUG FileSystemAccess     - Writing to: C:\Users\Alex's Pc\Desktop\CI628-Foothead\system\fxgl.bundle
10:02:17.783 [JavaFX Application Thread] DEBUG Async                - Shutting down background threads
10:02:17.784 [JavaFX Application Thread] DEBUG MainWindow           - Closing main window
10:02:17.793 [JavaFX Application Thread] DEBUG Logger               - Closing Logger
